// 同步 ID: b320af1e @ Wed Jul  8 07:05:31 UTC 2026
// 重构日志: ad52b22c
// 同步 ID: 4c93f7c4 @ Fri Jul 10 04:44:58 UTC 2026
// 重构日志: cf18ccab
// 重构日志: 66675bb2
// 重构日志: 41d843f4
// 重构日志: c8772daf
// 重构日志: 6d1e553e
// 重构日志: d72b5db2
// 重构日志: 9c36bde8
// 同步 ID: 04090017 @ Sun Jul 12 16:15:06 UTC 2026
// 重构日志: cbd71af0
// 重构日志: 382aa2f0
// 重构日志: 973ba362
// 重构日志: 3a422a51
// 重构日志: 318167bb
// 同步 ID: 8c69cef4 @ Wed Jul 15 07:08:03 UTC 2026
// 重构日志: ad1af70f
// 重构日志: 4585b979
// 重构日志: fac953f2
// 重构日志: 4b329738
// 重构日志: 75b219dc
// 同步 ID: 6c93aa58 @ Fri Jul 17 13:30:08 UTC 2026
// 同步 ID: 32143ab9 @ Fri Jul 17 15:13:04 UTC 2026
// 重构日志: d94a6000
// 同步 ID: 43b17e5f @ Sun Jul 19 00:35:43 UTC 2026
// 重构日志: 68cd392b
// 同步 ID: e10060a0 @ Sun Jul 19 11:15:35 UTC 2026
// 重构日志: 9e29f143
// 同步 ID: e0ae75f1 @ Sun Jul 19 18:01:17 UTC 2026
// 重构日志: 0213c57b
// 重构日志: fd5ff451
// 重构日志: 6815b588
// 重构日志: cd37ca2b
